0 info it worked if it ends with ok
1 verbose cli [ '/home/lisa/.nvm/versions/node/v6.17.0/bin/node',
1 verbose cli   '/home/lisa/.nvm/versions/node/v6.17.0/bin/npm',
1 verbose cli   'config',
1 verbose cli   '--loglevel=warn',
1 verbose cli   'get',
1 verbose cli   'prefix' ]
2 info using npm@3.10.10
3 info using node@v6.17.0
4 verbose stack Error: EACCES: permission denied, mkdir '/home/gio'
4 verbose stack     at Error (native)
5 verbose cwd /home/lisa/Documents/_programming/_programmingNoSQL/exploring_rabbitmq_basics
6 error Linux 4.15.0-58-generic
7 error argv "/home/lisa/.nvm/versions/node/v6.17.0/bin/node" "/home/lisa/.nvm/versions/node/v6.17.0/bin/npm" "config" "--loglevel=warn" "get" "prefix"
8 error node v6.17.0
9 error npm  v3.10.10
10 error path /home/gio
11 error code EACCES
12 error errno -13
13 error syscall mkdir
14 error Error: EACCES: permission denied, mkdir '/home/gio'
14 error     at Error (native)
14 error  { Error: EACCES: permission denied, mkdir '/home/gio'
14 error     at Error (native)
14 error   errno: -13,
14 error   code: 'EACCES',
14 error   syscall: 'mkdir',
14 error   path: '/home/gio' }
15 error Please try running this command again as root/Administrator.
16 verbose exit [ -13, true ]
